Build started 08/06/2020 16:24:17.
     1>Project "E:\NUTS\libarchive-3.4.3\libarchive\archive_static.vcxproj" on node 2 (build target(s)).
     1>InitializeBuildStatus:
         Touching "archive_static.dir\Debug\archive_static.unsuccessfulbuild".
       CustomBuild:
         All outputs are up-to-date.
       ClCompile:
         C:\Program Files (x86)\Microsoft Visual Studio 10.0\VC\bin\CL.exe /c /I"E:\NUTS\libarchive-3.4.3\libarchive" /I"E:\NUTS\libarchive-3.4.3" /Zi /nologo /W3 /WX- /Od /Ob0 /Oi /Oy- /D WIN32 /D _WINDOWS /D LIBARCHIVE_STATIC /D HAVE_CONFIG_H /D _CRT_SECURE_NO_DEPRECATE /D "CMAKE_INTDIR=\"Debug\"" /D _MBCS /Gm- /RTC1 /MDd /GS /fp:precise /Zc:wchar_t /Zc:forScope /Fo"archive_static.dir\Debug\\" /Fd"archive_static.dir\Debug\vc100.pdb" /Gd /TC /analyze- /errorReport:prompt archive_read_support_format_lha.c  /w14062 /w14254 /w14295 /w14296 /w14389 /w14505 /w14514 /w14702 /w14706
         archive_read_support_format_lha.c
     1>Project "E:\NUTS\libarchive-3.4.3\libarchive\archive_static.vcxproj" (1) is building "E:\NUTS\libarchive-3.4.3\ZERO_CHECK.vcxproj" (2:3) on node 2 (GetResolvedLinkLibs target(s)).
     2>PrepareForBuild:
         Creating directory "Win32\Debug\ZERO_CHECK\".
     2>Done Building Project "E:\NUTS\libarchive-3.4.3\ZERO_CHECK.vcxproj" (GetResolvedLinkLibs target(s)).
     1>Lib:
         C:\Program Files (x86)\Microsoft Visual Studio 10.0\VC\bin\Lib.exe /OUT:"E:\NUTS\libarchive-3.4.3\libarchive\Debug\archive_static.lib" /NOLOGO archive_static.dir\Debug\archive_acl.obj
         archive_static.dir\Debug\archive_check_magic.obj
         archive_static.dir\Debug\archive_cmdline.obj
         archive_static.dir\Debug\archive_cryptor.obj
         archive_static.dir\Debug\archive_digest.obj
         archive_static.dir\Debug\archive_entry.obj
         archive_static.dir\Debug\archive_entry_copy_stat.obj
         archive_static.dir\Debug\archive_entry_link_resolver.obj
         archive_static.dir\Debug\archive_entry_sparse.obj
         archive_static.dir\Debug\archive_entry_stat.obj
         archive_static.dir\Debug\archive_entry_strmode.obj
         archive_static.dir\Debug\archive_entry_xattr.obj
         archive_static.dir\Debug\archive_getdate.obj
         archive_static.dir\Debug\archive_hmac.obj
         archive_static.dir\Debug\archive_match.obj
         archive_static.dir\Debug\archive_options.obj
         archive_static.dir\Debug\archive_pack_dev.obj
         archive_static.dir\Debug\archive_pathmatch.obj
         archive_static.dir\Debug\archive_ppmd8.obj
         archive_static.dir\Debug\archive_ppmd7.obj
         archive_static.dir\Debug\archive_random.obj
         archive_static.dir\Debug\archive_rb.obj
         archive_static.dir\Debug\archive_read.obj
         archive_static.dir\Debug\archive_read_add_passphrase.obj
         archive_static.dir\Debug\archive_read_append_filter.obj
         archive_static.dir\Debug\archive_read_data_into_fd.obj
         archive_static.dir\Debug\archive_read_disk_entry_from_file.obj
         archive_static.dir\Debug\archive_read_disk_posix.obj
         archive_static.dir\Debug\archive_read_disk_set_standard_lookup.obj
         archive_static.dir\Debug\archive_read_extract.obj
         archive_static.dir\Debug\archive_read_extract2.obj
         archive_static.dir\Debug\archive_read_open_fd.obj
         archive_static.dir\Debug\archive_read_open_file.obj
         archive_static.dir\Debug\archive_read_open_filename.obj
         archive_static.dir\Debug\archive_read_open_memory.obj
         archive_static.dir\Debug\archive_read_set_format.obj
         archive_static.dir\Debug\archive_read_set_options.obj
         archive_static.dir\Debug\archive_read_support_filter_all.obj
         archive_static.dir\Debug\archive_read_support_filter_bzip2.obj
         archive_static.dir\Debug\archive_read_support_filter_compress.obj
         archive_static.dir\Debug\archive_read_support_filter_gzip.obj
         archive_static.dir\Debug\archive_read_support_filter_grzip.obj
         archive_static.dir\Debug\archive_read_support_filter_lrzip.obj
         archive_static.dir\Debug\archive_read_support_filter_lz4.obj
         archive_static.dir\Debug\archive_read_support_filter_lzop.obj
         archive_static.dir\Debug\archive_read_support_filter_none.obj
         archive_static.dir\Debug\archive_read_support_filter_program.obj
         archive_static.dir\Debug\archive_read_support_filter_rpm.obj
         archive_static.dir\Debug\archive_read_support_filter_uu.obj
         archive_static.dir\Debug\archive_read_support_filter_xz.obj
         archive_static.dir\Debug\archive_read_support_filter_zstd.obj
         archive_static.dir\Debug\archive_read_support_format_7zip.obj
         archive_static.dir\Debug\archive_read_support_format_all.obj
         archive_static.dir\Debug\archive_read_support_format_ar.obj
         archive_static.dir\Debug\archive_read_support_format_by_code.obj
         archive_static.dir\Debug\archive_read_support_format_cab.obj
         archive_static.dir\Debug\archive_read_support_format_cpio.obj
         archive_static.dir\Debug\archive_read_support_format_empty.obj
         archive_static.dir\Debug\archive_read_support_format_iso9660.obj
         archive_static.dir\Debug\archive_read_support_format_lha.obj
         archive_static.dir\Debug\archive_read_support_format_mtree.obj
         archive_static.dir\Debug\archive_read_support_format_rar.obj
         archive_static.dir\Debug\archive_read_support_format_rar5.obj
         archive_static.dir\Debug\archive_read_support_format_raw.obj
         archive_static.dir\Debug\archive_read_support_format_tar.obj
         archive_static.dir\Debug\archive_read_support_format_warc.obj
         archive_static.dir\Debug\archive_read_support_format_xar.obj
         archive_static.dir\Debug\archive_read_support_format_zip.obj
         archive_static.dir\Debug\archive_string.obj
         archive_static.dir\Debug\archive_string_sprintf.obj
         archive_static.dir\Debug\archive_util.obj
         archive_static.dir\Debug\archive_version_details.obj
         archive_static.dir\Debug\archive_virtual.obj
         archive_static.dir\Debug\archive_write.obj
         archive_static.dir\Debug\archive_write_disk_posix.obj
         archive_static.dir\Debug\archive_write_disk_set_standard_lookup.obj
         archive_static.dir\Debug\archive_write_open_fd.obj
         archive_static.dir\Debug\archive_write_open_file.obj
         archive_static.dir\Debug\archive_write_open_filename.obj
         archive_static.dir\Debug\archive_write_open_memory.obj
         archive_static.dir\Debug\archive_write_add_filter.obj
         archive_static.dir\Debug\archive_write_add_filter_b64encode.obj
         archive_static.dir\Debug\archive_write_add_filter_by_name.obj
         archive_static.dir\Debug\archive_write_add_filter_bzip2.obj
         archive_static.dir\Debug\archive_write_add_filter_compress.obj
         archive_static.dir\Debug\archive_write_add_filter_grzip.obj
         archive_static.dir\Debug\archive_write_add_filter_gzip.obj
         archive_static.dir\Debug\archive_write_add_filter_lrzip.obj
         archive_static.dir\Debug\archive_write_add_filter_lz4.obj
         archive_static.dir\Debug\archive_write_add_filter_lzop.obj
         archive_static.dir\Debug\archive_write_add_filter_none.obj
         archive_static.dir\Debug\archive_write_add_filter_program.obj
         archive_static.dir\Debug\archive_write_add_filter_uuencode.obj
         archive_static.dir\Debug\archive_write_add_filter_xz.obj
         archive_static.dir\Debug\archive_write_add_filter_zstd.obj
         archive_static.dir\Debug\archive_write_set_format.obj
         archive_static.dir\Debug\archive_write_set_format_7zip.obj
         archive_static.dir\Debug\archive_write_set_format_ar.obj
         archive_static.dir\Debug\archive_write_set_format_by_name.obj
         archive_static.dir\Debug\archive_write_set_format_cpio.obj
         archive_static.dir\Debug\archive_write_set_format_cpio_newc.obj
         archive_static.dir\Debug\archive_write_set_format_filter_by_ext.obj
         archive_static.dir\Debug\archive_write_set_format_gnutar.obj
         archive_static.dir\Debug\archive_write_set_format_iso9660.obj
         archive_static.dir\Debug\archive_write_set_format_mtree.obj
         archive_static.dir\Debug\archive_write_set_format_pax.obj
         archive_static.dir\Debug\archive_write_set_format_raw.obj
         archive_static.dir\Debug\archive_write_set_format_shar.obj
         archive_static.dir\Debug\archive_write_set_format_ustar.obj
         archive_static.dir\Debug\archive_write_set_format_v7tar.obj
         archive_static.dir\Debug\archive_write_set_format_warc.obj
         archive_static.dir\Debug\archive_write_set_format_xar.obj
         archive_static.dir\Debug\archive_write_set_format_zip.obj
         archive_static.dir\Debug\archive_write_set_options.obj
         archive_static.dir\Debug\archive_write_set_passphrase.obj
         archive_static.dir\Debug\filter_fork_posix.obj
         archive_static.dir\Debug\xxhash.obj
         archive_static.dir\Debug\archive_entry_copy_bhfi.obj
         archive_static.dir\Debug\archive_read_disk_windows.obj
         archive_static.dir\Debug\archive_windows.obj
         archive_static.dir\Debug\archive_write_disk_windows.obj
         archive_static.dir\Debug\filter_fork_windows.obj
         archive_static.dir\Debug\archive_blake2sp_ref.obj
         archive_static.dir\Debug\archive_blake2s_ref.obj  /machine:X86
         archive_static.vcxproj -> E:\NUTS\libarchive-3.4.3\libarchive\Debug\archive_static.lib
       FinalizeBuildStatus:
         Deleting file "archive_static.dir\Debug\archive_static.unsuccessfulbuild".
         Touching "archive_static.dir\Debug\archive_static.lastbuildstate".
     1>Done Building Project "E:\NUTS\libarchive-3.4.3\libarchive\archive_static.vcxproj" (build target(s)).

Build succeeded.

Time Elapsed 00:00:00.65
