E:\NUTS\NUTS\\Debug\zlib.lib
E:\NUTS\NUTS\DEBUG\ZLIB.LIB
E:\NUTS\ZLIB-1.2.3\PROJECTS\VISUALC6\WIN32_LIB_DEBUG\ADLER32.OBJ
E:\NUTS\zlib-1.2.3\projects\visualc6\Win32_LIB_Debug\cl.command.1.tlog
E:\NUTS\zlib-1.2.3\projects\visualc6\Win32_LIB_Debug\CL.read.1.tlog
E:\NUTS\zlib-1.2.3\projects\visualc6\Win32_LIB_Debug\CL.write.1.tlog
E:\NUTS\ZLIB-1.2.3\PROJECTS\VISUALC6\WIN32_LIB_DEBUG\COMPRESS.OBJ
E:\NUTS\ZLIB-1.2.3\PROJECTS\VISUALC6\WIN32_LIB_DEBUG\CRC32.OBJ
E:\NUTS\ZLIB-1.2.3\PROJECTS\VISUALC6\WIN32_LIB_DEBUG\DEFLATE.OBJ
E:\NUTS\ZLIB-1.2.3\PROJECTS\VISUALC6\WIN32_LIB_DEBUG\GZIO.OBJ
E:\NUTS\ZLIB-1.2.3\PROJECTS\VISUALC6\WIN32_LIB_DEBUG\INFBACK.OBJ
E:\NUTS\ZLIB-1.2.3\PROJECTS\VISUALC6\WIN32_LIB_DEBUG\INFFAST.OBJ
E:\NUTS\ZLIB-1.2.3\PROJECTS\VISUALC6\WIN32_LIB_DEBUG\INFLATE.OBJ
E:\NUTS\ZLIB-1.2.3\PROJECTS\VISUALC6\WIN32_LIB_DEBUG\INFTREES.OBJ
E:\NUTS\zlib-1.2.3\projects\visualc6\Win32_LIB_Debug\lib.command.1.tlog
E:\NUTS\zlib-1.2.3\projects\visualc6\Win32_LIB_Debug\Lib-link.read.1.tlog
E:\NUTS\zlib-1.2.3\projects\visualc6\Win32_LIB_Debug\Lib-link.write.1.tlog
E:\NUTS\zlib-1.2.3\projects\visualc6\Win32_LIB_Debug\Lib-link-cvtres.read.1.tlog
E:\NUTS\zlib-1.2.3\projects\visualc6\Win32_LIB_Debug\Lib-link-cvtres.write.1.tlog
E:\NUTS\zlib-1.2.3\projects\visualc6\Win32_LIB_Debug\rc.command.1.tlog
E:\NUTS\zlib-1.2.3\projects\visualc6\Win32_LIB_Debug\rc.read.1.tlog
E:\NUTS\zlib-1.2.3\projects\visualc6\Win32_LIB_Debug\rc.write.1.tlog
E:\NUTS\ZLIB-1.2.3\PROJECTS\VISUALC6\WIN32_LIB_DEBUG\TREES.OBJ
E:\NUTS\ZLIB-1.2.3\PROJECTS\VISUALC6\WIN32_LIB_DEBUG\UNCOMPR.OBJ
E:\NUTS\ZLIB-1.2.3\PROJECTS\VISUALC6\WIN32_LIB_DEBUG\VC100.PDB
E:\NUTS\zlib-1.2.3\projects\visualc6\Win32_LIB_Debug\zlib.write.1.tlog
E:\NUTS\ZLIB-1.2.3\PROJECTS\VISUALC6\WIN32_LIB_DEBUG\ZLIB1.RES
E:\NUTS\ZLIB-1.2.3\PROJECTS\VISUALC6\WIN32_LIB_DEBUG\ZUTIL.OBJ
